\BOOKMARK [0][-]{chapter.1}{\376\377\000m\000e\000t\000i\000l\000d\000a\000\040\000p\000a\000c\000k\000a\000g\000e}{}% 1
\BOOKMARK [1][-]{section.1.1}{\376\377\000S\000u\000b\000p\000a\000c\000k\000a\000g\000e\000s}{chapter.1}% 2
\BOOKMARK [2][-]{subsection.1.1.1}{\376\377\000m\000e\000t\000i\000l\000d\000a\000.\000c\000o\000n\000t\000r\000o\000l\000l\000e\000r\000s\000\040\000p\000a\000c\000k\000a\000g\000e}{section.1.1}% 3
\BOOKMARK [3][-]{subsubsection.1.1.1.1}{\376\377\000S\000u\000b\000m\000o\000d\000u\000l\000e\000s}{subsection.1.1.1}% 4
\BOOKMARK [3][-]{subsubsection.1.1.1.2}{\376\377\000m\000e\000t\000i\000l\000d\000a\000.\000c\000o\000n\000t\000r\000o\000l\000l\000e\000r\000s\000.\000P\000o\000s\000t\000g\000r\000e\000s\000\040\000m\000o\000d\000u\000l\000e}{subsection.1.1.1}% 5
\BOOKMARK [3][-]{subsubsection.1.1.1.3}{\376\377\000m\000e\000t\000i\000l\000d\000a\000.\000c\000o\000n\000t\000r\000o\000l\000l\000e\000r\000s\000.\000c\000o\000n\000t\000r\000o\000l\000l\000e\000r\000\137\000f\000i\000r\000e\000s\000t\000o\000r\000e\000\040\000m\000o\000d\000u\000l\000e}{subsection.1.1.1}% 6
\BOOKMARK [3][-]{subsubsection.1.1.1.4}{\376\377\000m\000e\000t\000i\000l\000d\000a\000.\000c\000o\000n\000t\000r\000o\000l\000l\000e\000r\000s\000.\000p\000i\000t\000c\000h\000\137\000a\000r\000t\000\137\000w\000i\000z\000a\000r\000d\000\040\000m\000o\000d\000u\000l\000e}{subsection.1.1.1}% 7
\BOOKMARK [3][-]{subsubsection.1.1.1.5}{\376\377\000m\000e\000t\000i\000l\000d\000a\000.\000c\000o\000n\000t\000r\000o\000l\000l\000e\000r\000s\000.\000t\000e\000m\000p\000C\000o\000d\000e\000R\000u\000n\000n\000e\000r\000F\000i\000l\000e\000\040\000m\000o\000d\000u\000l\000e}{subsection.1.1.1}% 8
\BOOKMARK [3][-]{subsubsection.1.1.1.6}{\376\377\000M\000o\000d\000u\000l\000e\000\040\000c\000o\000n\000t\000e\000n\000t\000s}{subsection.1.1.1}% 9
\BOOKMARK [2][-]{subsection.1.1.2}{\376\377\000m\000e\000t\000i\000l\000d\000a\000.\000s\000e\000r\000v\000i\000c\000e\000s\000\040\000p\000a\000c\000k\000a\000g\000e}{section.1.1}% 10
\BOOKMARK [3][-]{subsubsection.1.1.2.1}{\376\377\000S\000u\000b\000m\000o\000d\000u\000l\000e\000s}{subsection.1.1.2}% 11
\BOOKMARK [3][-]{subsubsection.1.1.2.2}{\376\377\000m\000e\000t\000i\000l\000d\000a\000.\000s\000e\000r\000v\000i\000c\000e\000s\000.\000a\000u\000d\000i\000o\000\137\000a\000n\000a\000l\000y\000s\000i\000s\000\040\000m\000o\000d\000u\000l\000e}{subsection.1.1.2}% 12
\BOOKMARK [3][-]{subsubsection.1.1.2.3}{\376\377\000m\000e\000t\000i\000l\000d\000a\000.\000s\000e\000r\000v\000i\000c\000e\000s\000.\000f\000i\000l\000e\000\137\000i\000o\000\040\000m\000o\000d\000u\000l\000e}{subsection.1.1.2}% 13
\BOOKMARK [3][-]{subsubsection.1.1.2.4}{\376\377\000m\000e\000t\000i\000l\000d\000a\000.\000s\000e\000r\000v\000i\000c\000e\000s\000.\000p\000r\000a\000a\000t\000\040\000m\000o\000d\000u\000l\000e}{subsection.1.1.2}% 14
\BOOKMARK [3][-]{subsubsection.1.1.2.5}{\376\377\000m\000e\000t\000i\000l\000d\000a\000.\000s\000e\000r\000v\000i\000c\000e\000s\000.\000u\000t\000i\000l\000s\000\040\000m\000o\000d\000u\000l\000e}{subsection.1.1.2}% 15
\BOOKMARK [3][-]{subsubsection.1.1.2.6}{\376\377\000M\000o\000d\000u\000l\000e\000\040\000c\000o\000n\000t\000e\000n\000t\000s}{subsection.1.1.2}% 16
\BOOKMARK [1][-]{section.1.2}{\376\377\000S\000u\000b\000m\000o\000d\000u\000l\000e\000s}{chapter.1}% 17
\BOOKMARK [1][-]{section.1.3}{\376\377\000m\000e\000t\000i\000l\000d\000a\000.\000d\000e\000b\000u\000g\000\040\000m\000o\000d\000u\000l\000e}{chapter.1}% 18
\BOOKMARK [1][-]{section.1.4}{\376\377\000m\000e\000t\000i\000l\000d\000a\000.\000d\000e\000f\000a\000u\000l\000t\000\040\000m\000o\000d\000u\000l\000e}{chapter.1}% 19
\BOOKMARK [1][-]{section.1.5}{\376\377\000m\000e\000t\000i\000l\000d\000a\000.\000l\000o\000c\000a\000l\000\137\000s\000e\000r\000v\000e\000r\000\040\000m\000o\000d\000u\000l\000e}{chapter.1}% 20
\BOOKMARK [1][-]{section.1.6}{\376\377\000m\000e\000t\000i\000l\000d\000a\000.\000m\000a\000i\000n\000\040\000m\000o\000d\000u\000l\000e}{chapter.1}% 21
\BOOKMARK [1][-]{section.1.7}{\376\377\000M\000o\000d\000u\000l\000e\000\040\000c\000o\000n\000t\000e\000n\000t\000s}{chapter.1}% 22
\BOOKMARK [0][-]{section*.145}{\376\377\000P\000y\000t\000h\000o\000n\000\040\000M\000o\000d\000u\000l\000e\000\040\000I\000n\000d\000e\000x}{}% 23
